<?xml version="1.0" encoding="UTF-8"?>
<!-- Generated by org.testng.reporters.JUnitReportReporter -->
<testsuite skipped="0" hostname="Virat-PC" name="zenmi.Abcd.testScript.testcase.SmokeTest" tests="2" failures="0" timestamp="26 Mar 2018 05:11:23 GMT" time="12.065" errors="0">
  <testcase name="SmokeTestcase1" time="12.044" classname="zenmi.Abcd.testScript.testcase.SmokeTest"/>
  <testcase name="SmokeTestcase2" time="0.021" classname="zenmi.Abcd.testScript.testcase.SmokeTest"/>
</testsuite> <!-- zenmi.Abcd.testScript.testcase.SmokeTest -->
